<?xml version="1.0" encoding="UTF-8"?>
<!-- Generated by org.testng.reporters.JUnitXMLReporter -->
<testsuite hostname="WKWIN7504586" ignored="0" name="Test" tests="2" failures="1" timestamp="2020-04-22T11:45:37 IST" time="26.747" errors="0">
  <testcase name="searchStore" time="12.077" classname="tests.FindAStoreTest"/>
  <testcase name="searchStoreFail" time="4.754" classname="tests.FindAStoreTest">
    <failure type="java.lang.AssertionError" message="null">
      <![CDATA[java.lang.AssertionError: null
at tests.FindAStoreTest.searchStoreFail(FindAStoreTest.java:98)
at java.util.ArrayList.forEach(ArrayList.java:1257)
... Removed 29 stack frames]]>
    </failure>
  </testcase> <!-- searchStoreFail -->
</testsuite> <!-- Test -->
